<?xml version="1.0" encoding="UTF-8"?>
<testsuite name="coverage-test-run" tests="5" failures="1" errors="1" skipped="2"><testcase name="utid-v1-aaaaaaaaaaaaaaaaaaaaaaaaaaaaaaaaaaaaaaaaaaaaaaaaaaaaaaaaaaaaaaaa" classname="utid-v1-cccccccccccccccccccccccccccccccccccccccccccccccccccccccccccccccc"></testcase><testcase name="utid-v1-bbbbbbbbbbbbbbbbbbbbbbbbbbbbbbbbbbbbbbbbbbbbbbbbbbbbbbbbbbbbbbbb" classname="utid-v1-cccccccccccccccccccccccccccccccccccccccccccccccccccccccccccccccc"><failure type="assertion_failure" message="want &lt;safe&gt;, got &amp; wrong">want &lt;safe&gt;, got &amp; wrong
file:///workspace/src/example.cpp:5:2</failure></testcase><testcase name="utid-v1-bbbbbbbbbbbbbbbbbbbbbbbbbbbbbbbbbbbbbbbbbbbbbbbbbbbbbbbbbbbbbbbb#2" classname="utid-v1-cccccccccccccccccccccccccccccccccccccccccccccccccccccccccccccccc"><skipped message="skipped"></skipped></testcase><testcase name="utid-v1-dddddddddddddddddddddddddddddddddddddddddddddddddddddddddddddddd" classname="utid-v1-cccccccccccccccccccccccccccccccccccccccccccccccccccccccccccccccc"><error type="test_process_crash" message="crash diagnostic">crash diagnostic</error></testcase><testcase name="utid-v1-eeeeeeeeeeeeeeeeeeeeeeeeeeeeeeeeeeeeeeeeeeeeeeeeeeeeeeeeeeeeeeee" classname="utid-v1-cccccccccccccccccccccccccccccccccccccccccccccccccccccccccccccccc"><skipped message="not_run: build_blocked"></skipped></testcase></testsuite>
